<?xml version="1.0" encoding="UTF-8"?>
<testsuite xmlns:xsi="http://www.w3.org/2001/XMLSchema-instance" xsi:noNamespaceSchemaLocation="https://maven.apache.org/surefire/maven-surefire-plugin/xsd/surefire-test-report-3.0.xsd" version="3.0" name="com.redhat.GreetingsTest" time="50.618" tests="1" errors="0" skipped="0" failures="0">
  <properties>
[...]
</properties>
  <testcase name="testHelloEndpoint" classname="com.redhat.GreetingsTest" time="5.958">
    <system-out><![CDATA[2023-07-24 17:22:59,147 INFO  [org.kie.kog.cod.api.uti.AddonsConfigDiscovery] (build-12) Performed addonsConfig discovery, found: AddonsConfig{usePersistence=false, useTracing=false, useMonitoring=false, usePrometheusMonitoring=false, useCloudEvents=false, useExplainability=false, useProcessSVG=false, useMultiChannel=false}
2023-07-24 17:23:00,330 INFO  [org.kie.kog.cod.cor.uti.ApplicationGeneratorDiscovery] (build-12) Generator discovery performed, found [openapispecs, processes, rules, decisions, predictions]
2023-07-24 17:23:00,877 WARN  [org.kie.kog.cod.pro.ProcessCodegen] (build-12) There's already a generated file named com/redhat/GreetingsModel.java to be compiled. Ignoring.
2023-07-24 17:23:04,950 INFO  [org.kie.kog.cod.dec.DecisionValidation] (build-12) Initializing DMN DT Validator...
2023-07-24 17:23:04,951 INFO  [org.kie.kog.cod.dec.DecisionValidation] (build-12) DMN DT Validator initialized.
2023-07-24 17:23:04,951 INFO  [org.kie.kog.cod.dec.DecisionValidation] (build-12) Analysing decision tables in DMN Model 'Traffic Violation' ...
2023-07-24 17:23:04,983 INFO  [org.kie.kog.cod.dec.DecisionValidation] (build-12)  analysis for decision table 'Fine':
2023-07-24 17:23:04,987 WARN  [org.kie.kog.cod.dec.DecisionValidation] (build-12)   Gap detected: [ "speed", <10 ]
2023-07-24 17:23:07,355 INFO  [org.kie.kog.cod.api.uti.AddonsConfigDiscovery] (build-18) Performed addonsConfig discovery, found: AddonsConfig{usePersistence=false, useTracing=false, useMonitoring=false, usePrometheusMonitoring=false, useCloudEvents=false, useExplainability=false, useProcessSVG=false, useMultiChannel=false}
2023-07-24 17:23:07,375 INFO  [org.kie.kog.qua.com.dep.KogitoQuarkusResourceUtils] (build-18) No Java source to compile
2023-07-24 17:23:13,568 INFO  [io.quarkus] (main) Quarkus 2.1.0.Final on JVM started in 21.705s. Listening on: http://localhost:43835
2023-07-24 17:23:13,569 INFO  [io.quarkus] (main) Profile test activated. 
2023-07-24 17:23:13,570 INFO  [io.quarkus] (main) Installed features: [cdi, kogito-decisions, kogito-predictions, kogito-processes, kogito-rules, resteasy, resteasy-jackson, servlet, smallrye-context-propagation, smallrye-health, smallrye-openapi, swagger-ui]
Hello World
]]></system-out>
  </testcase>
</testsuite>